SF:lib/core/error/failure.dart
DA:6,5
DA:10,1
DA:11,2
DA:15,5
LF:4
LH:4
end_of_record
SF:lib/core/error/remote_exception.dart
DA:7,2
DA:11,0
DA:12,0
DA:13,0
DA:17,0
DA:20,0
DA:21,0
DA:25,0
DA:26,0
LF:9
LH:1
end_of_record
SF:lib/core/remote/error_model.dart
DA:6,2
DA:10,1
DA:11,1
DA:12,1
DA:16,0
DA:17,0
DA:18,0
LF:7
LH:4
end_of_record
SF:lib/features/products/data/datasource/products_datasource.dart
DA:12,1
DA:18,1
DA:20,1
DA:23,1
DA:24,2
DA:26,2
DA:27,1
DA:28,1
DA:29,3
LF:9
LH:9
end_of_record
SF:lib/features/products/data/model/products/products_request_model.dart
DA:7,5
DA:9,3
DA:10,3
DA:11,5
DA:12,3
DA:13,5
DA:18,1
DA:19,1
DA:20,2
DA:21,5
DA:25,1
DA:29,1
DA:30,0
DA:31,1
DA:35,4
DA:36,12
DA:44,2
DA:46,1
DA:47,1
DA:48,1
DA:49,1
DA:50,1
DA:54,1
DA:55,1
DA:56,1
DA:57,1
DA:58,1
DA:62,1
DA:67,1
DA:68,1
DA:69,1
DA:70,0
DA:74,1
DA:75,4
DA:93,2
DA:107,1
DA:108,1
DA:109,1
DA:110,1
DA:111,1
DA:112,1
DA:113,1
DA:114,1
DA:115,3
DA:117,3
DA:118,1
DA:119,2
DA:120,1
DA:121,1
DA:125,1
DA:126,1
DA:127,2
DA:128,2
DA:129,2
DA:130,2
DA:131,2
DA:132,2
DA:133,1
DA:134,3
DA:136,1
DA:137,3
DA:139,2
DA:140,2
DA:141,2
DA:142,2
DA:146,1
DA:160,1
DA:161,1
DA:162,0
DA:163,1
DA:164,1
DA:165,1
DA:166,1
DA:167,1
DA:168,1
DA:169,1
DA:170,1
DA:171,1
DA:172,1
DA:176,1
DA:177,1
DA:178,1
DA:179,1
DA:180,1
DA:181,1
DA:182,1
DA:183,1
DA:184,1
DA:185,1
DA:186,1
DA:187,1
DA:188,1
DA:189,1
DA:197,2
DA:199,1
DA:200,1
DA:201,1
DA:202,1
DA:206,1
DA:207,1
DA:208,1
DA:209,1
DA:213,1
DA:217,1
DA:218,0
DA:219,1
DA:223,1
DA:224,3
LF:108
LH:104
end_of_record
SF:lib/features/products/data/repository/products_repository.dart
DA:14,1
DA:16,1
DA:21,2
DA:22,1
DA:23,1
DA:24,3
DA:25,1
DA:26,1
DA:27,2
LF:9
LH:9
end_of_record
SF:lib/core/injection/injector.dart
DA:10,3
DA:13,1
DA:15,2
DA:18,2
DA:19,0
DA:22,2
DA:23,0
DA:24,0
DA:28,1
DA:29,1
LF:10
LH:7
end_of_record
SF:lib/core/utils/remote_request_manager/dio_implementation.dart
DA:12,0
DA:13,0
DA:33,0
DA:43,0
DA:44,0
DA:45,0
DA:46,0
DA:47,0
DA:48,0
DA:49,0
DA:52,0
DA:53,0
DA:63,0
DA:72,0
DA:73,0
DA:74,0
DA:75,0
DA:76,0
DA:77,0
DA:78,0
DA:81,0
DA:82,0
DA:92,0
DA:94,0
DA:96,0
DA:97,0
DA:99,0
DA:100,0
DA:101,0
LF:29
LH:0
end_of_record
SF:lib/features/products/presentation/cubit/products_cubit.dart
DA:16,2
DA:18,4
DA:23,1
DA:25,1
DA:26,1
DA:27,2
DA:28,1
DA:29,1
DA:30,0
DA:31,0
DA:36,1
DA:37,1
DA:40,3
DA:42,1
DA:43,2
DA:46,1
DA:47,1
DA:54,1
DA:55,3
DA:56,2
DA:57,1
DA:58,4
DA:59,2
DA:67,1
DA:68,3
DA:71,3
LF:26
LH:24
end_of_record
SF:lib/core/utils/resources/constants_manager.dart
DA:7,0
DA:13,0
DA:19,0
DA:21,0
DA:24,0
DA:26,0
DA:27,0
DA:30,0
DA:33,0
DA:39,0
DA:41,0
DA:42,0
DA:56,0
DA:60,0
DA:63,0
DA:66,0
DA:69,0
DA:77,0
DA:81,0
DA:84,0
DA:87,0
DA:90,0
DA:98,0
DA:102,0
DA:105,0
DA:108,0
DA:111,0
LF:27
LH:0
end_of_record
SF:lib/core/utils/shared_widgets/toast_widget.dart
DA:13,0
DA:20,0
DA:21,0
DA:27,0
DA:29,0
DA:30,0
DA:31,0
DA:32,0
DA:37,0
DA:39,0
DA:40,0
DA:43,0
DA:45,0
DA:46,0
DA:50,0
DA:53,0
DA:54,0
DA:56,0
DA:58,0
DA:59,0
DA:62,0
DA:64,0
DA:65,0
DA:67,0
DA:68,0
DA:69,0
DA:74,0
DA:75,0
DA:76,0
DA:79,0
DA:80,0
DA:81,0
DA:82,0
DA:83,0
DA:86,0
DA:93,0
LF:36
LH:0
end_of_record
SF:lib/core/utils/resources/extensions.dart
DA:4,0
DA:6,0
LF:2
LH:0
end_of_record
SF:lib/core/utils/resources/observer.dart
DA:6,1
DA:8,1
DA:9,3
DA:12,0
DA:14,0
DA:15,0
DA:18,0
DA:20,0
DA:21,0
DA:24,1
DA:26,1
DA:27,3
LF:12
LH:6
end_of_record
SF:lib/core/utils/resources/text_manager.dart
DA:7,3
DA:10,1
DA:14,0
DA:17,0
DA:21,0
DA:24,0
DA:28,0
DA:31,0
DA:35,0
DA:38,0
DA:42,0
DA:45,0
DA:49,0
DA:52,0
DA:56,0
DA:59,0
LF:16
LH:2
end_of_record
SF:lib/core/utils/resources/them_manager.dart
DA:6,0
DA:8,0
DA:53,0
DA:56,0
DA:57,0
DA:58,0
LF:6
LH:0
end_of_record
SF:lib/core/utils/resources/routing_manager/routing_manager.dart
DA:11,0
DA:12,0
DA:24,0
DA:25,0
DA:27,0
DA:28,0
DA:29,0
DA:31,0
DA:32,0
DA:33,0
DA:34,0
DA:35,0
DA:37,0
LF:13
LH:0
end_of_record
SF:lib/features/products/presentation/user_interface/splash/splash_screen.dart
DA:9,6
DA:11,0
DA:13,0
DA:14,0
DA:15,0
DA:16,0
DA:19,0
LF:7
LH:1
end_of_record
SF:lib/features/products/presentation/user_interface/products/screens/products_screen.dart
DA:14,7
DA:16,1
DA:18,1
DA:20,1
DA:22,1
DA:26,1
DA:28,1
DA:32,1
DA:35,1
DA:37,1
DA:38,1
DA:41,1
DA:42,1
DA:45,1
DA:47,3
DA:48,1
DA:49,1
DA:52,1
DA:66,1
DA:67,1
DA:69,1
DA:70,3
DA:73,1
DA:75,1
DA:76,1
DA:79,2
DA:84,1
DA:85,1
DA:98,1
DA:99,1
DA:101,1
DA:102,3
DA:103,1
DA:105,1
DA:106,1
LF:35
LH:35
end_of_record
SF:lib/core/utils/resources/routing_manager/unknown_route.dart
DA:4,6
DA:6,0
DA:8,0
DA:9,0
DA:12,0
DA:20,0
DA:21,0
DA:22,0
LF:8
LH:1
end_of_record
SF:lib/core/utils/shared_widgets/app_grid_view.dart
DA:23,1
DA:37,1
DA:39,1
DA:40,1
DA:41,1
DA:42,1
DA:44,1
DA:47,1
DA:54,1
DA:55,1
DA:66,1
DA:67,1
DA:69,1
DA:70,1
DA:72,1
DA:73,1
DA:75,1
DA:76,1
DA:78,1
DA:81,1
DA:84,1
DA:85,1
DA:86,1
DA:88,1
DA:91,1
DA:94,1
DA:95,1
DA:98,1
DA:99,0
DA:107,1
DA:111,1
DA:113,1
DA:115,1
DA:121,1
DA:140,1
DA:141,1
DA:149,1
DA:150,1
DA:151,0
DA:162,1
DA:164,1
DA:165,1
DA:183,2
DA:185,1
DA:186,0
DA:187,0
LF:46
LH:42
end_of_record
SF:lib/core/utils/shared_widgets/load_more_button.dart
DA:8,1
DA:15,1
DA:17,1
DA:20,1
DA:21,2
DA:22,1
DA:23,1
DA:24,1
DA:25,1
DA:28,1
DA:30,1
DA:31,1
DA:34,1
DA:37,1
DA:53,1
DA:54,1
LF:16
LH:16
end_of_record
SF:lib/core/utils/shared_widgets/full_screen_loading.dart
DA:7,6
DA:9,0
DA:11,0
DA:14,0
DA:20,0
LF:5
LH:1
end_of_record
SF:lib/core/utils/shared_widgets/image_assets_widget.dart
DA:11,6
DA:21,0
DA:23,0
DA:24,0
DA:25,0
DA:26,0
DA:29,0
DA:30,0
DA:31,0
DA:32,0
DA:33,0
LF:11
LH:1
end_of_record
SF:lib/core/utils/shared_widgets/grid_utilities.dart
DA:3,1
DA:11,1
LF:2
LH:2
end_of_record
SF:lib/core/utils/shared_widgets/hide_keyboard.dart
DA:6,1
DA:11,1
DA:13,1
DA:18,1
DA:21,0
DA:22,0
DA:24,1
LF:7
LH:5
end_of_record
SF:lib/core/utils/shared_widgets/main_scaffold.dart
DA:8,1
DA:13,1
DA:15,1
DA:16,1
DA:18,1
DA:19,1
LF:6
LH:6
end_of_record
SF:lib/features/products/domain/use_case/products_use_case.dart
DA:11,2
DA:16,2
DA:18,4
DA:19,2
LF:4
LH:4
end_of_record
SF:lib/features/products/presentation/cubit/products_state.dart
DA:14,2
DA:21,1
DA:28,1
DA:29,1
DA:30,1
DA:31,1
DA:32,1
DA:33,1
DA:37,1
DA:38,1
DA:39,1
DA:40,1
DA:41,1
DA:42,1
DA:43,1
LF:15
LH:15
end_of_record
SF:lib/features/products/data/model/empty_model.dart
DA:5,2
DA:10,1
DA:11,1
DA:12,1
DA:13,1
LF:5
LH:5
end_of_record
